<?xml version="1.0" encoding="UTF-8"?>
<!-- Generated by org.testng.reporters.JUnitXMLReporter -->
<testsuite ignored="0" hostname="DESKTOP-TFUFUVK" failures="0" tests="5" name="FirefoxTest" time="18.458" errors="0" timestamp="2024-12-09T10:01:55 IST">
  <testcase classname="com.orangehrm.testng.tests.LoginTest" name="testLogin" time="3.413"/>
  <testcase classname="com.orangehrm.testng.tests.LoginTest" name="testLogin" time="1.783"/>
  <testcase classname="com.orangehrm.testng.tests.LoginTest" name="testLogin" time="2.056"/>
  <testcase classname="com.orangehrm.testng.tests.LoginTest" name="testLogin" time="1.799"/>
  <testcase classname="com.orangehrm.testng.tests.LoginTest" name="testResetPassword" time="2.84"/>
</testsuite> <!-- FirefoxTest -->
