<?xml version="1.0" encoding="UTF-8"?>
<!-- Generated by org.testng.reporters.JUnitXMLReporter -->
<testsuite ignored="0" hostname="DESKTOP-TFUFUVK" failures="0" tests="5" name="ChromeTest" time="15.588" errors="0" timestamp="2024-12-08T12:20:29 IST">
  <testcase classname="com.orangehrm.testng.tests.LoginTest" name="testLoginInvalidPassword" time="1.866"/>
  <testcase classname="com.orangehrm.testng.tests.LoginTest" name="testLoginInvalidUsername" time="1.281"/>
  <testcase classname="com.orangehrm.testng.tests.LoginTest" name="testLoginInvalidUsernamePassword" time="1.251"/>
  <testcase classname="com.orangehrm.testng.tests.LoginTest" name="testLoginValidCredentials" time="3.633"/>
  <testcase classname="com.orangehrm.testng.tests.LoginTest" name="testResetPassword" time="2.521"/>
</testsuite> <!-- ChromeTest -->
