<?xml version="1.0" encoding="UTF-8"?>
<!-- Generated by org.testng.reporters.JUnitXMLReporter -->
<testsuite ignored="0" hostname="DESKTOP-TFUFUVK" failures="0" tests="6" name="SanityTests" time="9.213" errors="0" timestamp="2025-01-31T08:27:50 IST">
  <testcase classname="com.orangehrm.testng.tests.TC_Login_EmptyCredentials" name="testLoginWithEmptyCredentials" time="0.552"/>
  <testcase classname="com.orangehrm.testng.tests.TC_Login_InvalidCredentials" name="testLoginWithInvalidCredentials" time="1.653"/>
  <testcase classname="com.orangehrm.testng.tests.TC_Login_ValidCredentials" name="testLoginWithValidCredentials" time="1.914"/>
  <testcase classname="com.orangehrm.testng.tests.TC_Login_ResetPassword" name="testResetPassword" time="2.684"/>
  <testcase classname="com.orangehrm.testng.tests.TC_Login_InvalidCredentials" name="testLoginWithInvalidCredentials" time="1.756"/>
  <testcase classname="com.orangehrm.testng.tests.TC_Login_InvalidCredentials" name="testLoginWithInvalidCredentials" time="1.434"/>
</testsuite> <!-- SanityTests -->
