<?xml version="1.0" encoding="UTF-8"?>
<testng-results ignored="0" total="6" passed="6" failed="0" skipped="0">
  <reporter-output>
  </reporter-output>
  <suite started-at="2025-01-31T08:27:40 IST" name="SanityTestSuite" finished-at="2025-01-31T08:27:50 IST" duration-ms="9213">
    <groups>
      <group name="regressionTest">
        <method signature="TC_Login_InvalidCredentials.testLoginWithInvalidCredentials(java.lang.String,java.lang.String,java.lang.String)[pri:0, instance:com.orangehrm.testng.tests.TC_Login_InvalidCredentials@40147317]" name="testLoginWithInvalidCredentials" class="com.orangehrm.testng.tests.TC_Login_InvalidCredentials"/>
        <method signature="TC_Login_ValidCredentials.testLoginWithValidCredentials(java.lang.String,java.lang.String,java.lang.String)[pri:0, instance:com.orangehrm.testng.tests.TC_Login_ValidCredentials@44f9779c]" name="testLoginWithValidCredentials" class="com.orangehrm.testng.tests.TC_Login_ValidCredentials"/>
      </group> <!-- regressionTest -->
      <group name="endtoendTest">
        <method signature="TC_Login_ValidCredentials.testLoginWithValidCredentials(java.lang.String,java.lang.String,java.lang.String)[pri:0, instance:com.orangehrm.testng.tests.TC_Login_ValidCredentials@44f9779c]" name="testLoginWithValidCredentials" class="com.orangehrm.testng.tests.TC_Login_ValidCredentials"/>
      </group> <!-- endtoendTest -->
      <group name="smokeTest">
        <method signature="TC_Login_ValidCredentials.testLoginWithValidCredentials(java.lang.String,java.lang.String,java.lang.String)[pri:0, instance:com.orangehrm.testng.tests.TC_Login_ValidCredentials@44f9779c]" name="testLoginWithValidCredentials" class="com.orangehrm.testng.tests.TC_Login_ValidCredentials"/>
      </group> <!-- smokeTest -->
      <group name="sanityTest">
        <method signature="TC_Login_EmptyCredentials.testLoginWithEmptyCredentials()[pri:0, instance:com.orangehrm.testng.tests.TC_Login_EmptyCredentials@210f0cc1]" name="testLoginWithEmptyCredentials" class="com.orangehrm.testng.tests.TC_Login_EmptyCredentials"/>
        <method signature="TC_Login_InvalidCredentials.testLoginWithInvalidCredentials(java.lang.String,java.lang.String,java.lang.String)[pri:0, instance:com.orangehrm.testng.tests.TC_Login_InvalidCredentials@40147317]" name="testLoginWithInvalidCredentials" class="com.orangehrm.testng.tests.TC_Login_InvalidCredentials"/>
        <method signature="TC_Login_ResetPassword.testResetPassword()[pri:0, instance:com.orangehrm.testng.tests.TC_Login_ResetPassword@19542407]" name="testResetPassword" class="com.orangehrm.testng.tests.TC_Login_ResetPassword"/>
        <method signature="TC_Login_ValidCredentials.testLoginWithValidCredentials(java.lang.String,java.lang.String,java.lang.String)[pri:0, instance:com.orangehrm.testng.tests.TC_Login_ValidCredentials@44f9779c]" name="testLoginWithValidCredentials" class="com.orangehrm.testng.tests.TC_Login_ValidCredentials"/>
      </group> <!-- sanityTest -->
    </groups>
    <test started-at="2025-01-31T08:27:40 IST" name="SanityTests" finished-at="2025-01-31T08:27:50 IST" duration-ms="9213">
      <class name="com.orangehrm.testng.tests.TC_Login_EmptyCredentials">
        <test-method is-config="true" signature="setUp(java.lang.String,java.lang.String,java.lang.String)[pri:0, instance:com.orangehrm.testng.tests.TC_Login_EmptyCredentials@210f0cc1]" started-at="2025-01-31T08:27:40 IST" name="setUp" finished-at="2025-01-31T08:27:45 IST" duration-ms="4077" status="PASS">
          <params>
            <param index="0">
              <value>
                <![CDATA[chrome]]>
              </value>
            </param>
            <param index="1">
              <value>
                <![CDATA[prod]]>
              </value>
            </param>
            <param index="2">
              <value>
                <![CDATA[ERROR]]>
              </value>
            </param>
          </params>
          <reporter-output>
          </reporter-output>
        </test-method> <!-- setUp -->
        <test-method signature="testLoginWithEmptyCredentials()[pri:0, instance:com.orangehrm.testng.tests.TC_Login_EmptyCredentials@210f0cc1]" started-at="2025-01-31T08:27:45 IST" name="testLoginWithEmptyCredentials" description="Verify the login functionality of OrangeHRM with empty credentials to validate required field errors" finished-at="2025-01-31T08:27:45 IST" duration-ms="552" status="PASS">
          <reporter-output>
          </reporter-output>
        </test-method> <!-- testLoginWithEmptyCredentials -->
        <test-method is-config="true" signature="tearDown()[pri:0, instance:com.orangehrm.testng.tests.TC_Login_EmptyCredentials@210f0cc1]" started-at="2025-01-31T08:27:45 IST" name="tearDown" finished-at="2025-01-31T08:27:45 IST" duration-ms="91" status="PASS">
          <reporter-output>
          </reporter-output>
        </test-method> <!-- tearDown -->
      </class> <!-- com.orangehrm.testng.tests.TC_Login_EmptyCredentials -->
      <class name="com.orangehrm.testng.tests.TC_Login_InvalidCredentials">
        <test-method is-config="true" signature="setUp(java.lang.String,java.lang.String,java.lang.String)[pri:0, instance:com.orangehrm.testng.tests.TC_Login_InvalidCredentials@40147317]" started-at="2025-01-31T08:27:40 IST" name="setUp" finished-at="2025-01-31T08:27:45 IST" duration-ms="4143" status="PASS">
          <params>
            <param index="0">
              <value>
                <![CDATA[chrome]]>
              </value>
            </param>
            <param index="1">
              <value>
                <![CDATA[prod]]>
              </value>
            </param>
            <param index="2">
              <value>
                <![CDATA[ERROR]]>
              </value>
            </param>
          </params>
          <reporter-output>
          </reporter-output>
        </test-method> <!-- setUp -->
        <test-method signature="testLoginWithInvalidCredentials(java.lang.String,java.lang.String,java.lang.String)[pri:0, instance:com.orangehrm.testng.tests.TC_Login_InvalidCredentials@40147317]" started-at="2025-01-31T08:27:45 IST" name="testLoginWithInvalidCredentials" description="Verify the login functionality of OrangeHRM with invalid credentials" data-provider="loginDataInvalid" finished-at="2025-01-31T08:27:46 IST" duration-ms="1653" status="PASS">
          <params>
            <param index="0">
              <value>
                <![CDATA[Adm]]>
              </value>
            </param>
            <param index="1">
              <value>
                <![CDATA[admin123]]>
              </value>
            </param>
            <param index="2">
              <value>
                <![CDATA[Invalid Credentials]]>
              </value>
            </param>
          </params>
          <reporter-output>
          </reporter-output>
        </test-method> <!-- testLoginWithInvalidCredentials -->
        <test-method signature="testLoginWithInvalidCredentials(java.lang.String,java.lang.String,java.lang.String)[pri:0, instance:com.orangehrm.testng.tests.TC_Login_InvalidCredentials@40147317]" started-at="2025-01-31T08:27:46 IST" name="testLoginWithInvalidCredentials" description="Verify the login functionality of OrangeHRM with invalid credentials" data-provider="loginDataInvalid" finished-at="2025-01-31T08:27:48 IST" duration-ms="1756" status="PASS">
          <params>
            <param index="0">
              <value>
                <![CDATA[Admin]]>
              </value>
            </param>
            <param index="1">
              <value>
                <![CDATA[admin]]>
              </value>
            </param>
            <param index="2">
              <value>
                <![CDATA[Invalid Credentials]]>
              </value>
            </param>
          </params>
          <reporter-output>
          </reporter-output>
        </test-method> <!-- testLoginWithInvalidCredentials -->
        <test-method signature="testLoginWithInvalidCredentials(java.lang.String,java.lang.String,java.lang.String)[pri:0, instance:com.orangehrm.testng.tests.TC_Login_InvalidCredentials@40147317]" started-at="2025-01-31T08:27:48 IST" name="testLoginWithInvalidCredentials" description="Verify the login functionality of OrangeHRM with invalid credentials" data-provider="loginDataInvalid" finished-at="2025-01-31T08:27:50 IST" duration-ms="1434" status="PASS">
          <params>
            <param index="0">
              <value>
                <![CDATA[Adm]]>
              </value>
            </param>
            <param index="1">
              <value>
                <![CDATA[admin]]>
              </value>
            </param>
            <param index="2">
              <value>
                <![CDATA[Invalid Credentials]]>
              </value>
            </param>
          </params>
          <reporter-output>
          </reporter-output>
        </test-method> <!-- testLoginWithInvalidCredentials -->
        <test-method is-config="true" signature="tearDown()[pri:0, instance:com.orangehrm.testng.tests.TC_Login_InvalidCredentials@40147317]" started-at="2025-01-31T08:27:50 IST" name="tearDown" finished-at="2025-01-31T08:27:50 IST" duration-ms="79" status="PASS">
          <reporter-output>
          </reporter-output>
        </test-method> <!-- tearDown -->
      </class> <!-- com.orangehrm.testng.tests.TC_Login_InvalidCredentials -->
      <class name="com.orangehrm.testng.tests.TC_Login_ValidCredentials">
        <test-method is-config="true" signature="setUp(java.lang.String,java.lang.String,java.lang.String)[pri:0, instance:com.orangehrm.testng.tests.TC_Login_ValidCredentials@44f9779c]" started-at="2025-01-31T08:27:40 IST" name="setUp" finished-at="2025-01-31T08:27:45 IST" duration-ms="4511" status="PASS">
          <params>
            <param index="0">
              <value>
                <![CDATA[chrome]]>
              </value>
            </param>
            <param index="1">
              <value>
                <![CDATA[prod]]>
              </value>
            </param>
            <param index="2">
              <value>
                <![CDATA[ERROR]]>
              </value>
            </param>
          </params>
          <reporter-output>
          </reporter-output>
        </test-method> <!-- setUp -->
        <test-method signature="testLoginWithValidCredentials(java.lang.String,java.lang.String,java.lang.String)[pri:0, instance:com.orangehrm.testng.tests.TC_Login_ValidCredentials@44f9779c]" started-at="2025-01-31T08:27:45 IST" name="testLoginWithValidCredentials" description="Verify the login functionality of OrangeHRM with valid credentials" data-provider="loginDataValid" finished-at="2025-01-31T08:27:47 IST" duration-ms="1914" status="PASS">
          <params>
            <param index="0">
              <value>
                <![CDATA[Admin]]>
              </value>
            </param>
            <param index="1">
              <value>
                <![CDATA[admin123]]>
              </value>
            </param>
            <param index="2">
              <value>
                <![CDATA[Valid Credentials]]>
              </value>
            </param>
          </params>
          <reporter-output>
          </reporter-output>
        </test-method> <!-- testLoginWithValidCredentials -->
        <test-method is-config="true" signature="tearDown()[pri:0, instance:com.orangehrm.testng.tests.TC_Login_ValidCredentials@44f9779c]" started-at="2025-01-31T08:27:47 IST" name="tearDown" finished-at="2025-01-31T08:27:47 IST" duration-ms="94" status="PASS">
          <reporter-output>
          </reporter-output>
        </test-method> <!-- tearDown -->
      </class> <!-- com.orangehrm.testng.tests.TC_Login_ValidCredentials -->
      <class name="com.orangehrm.testng.tests.TC_Login_ResetPassword">
        <test-method is-config="true" signature="setUp(java.lang.String,java.lang.String,java.lang.String)[pri:0, instance:com.orangehrm.testng.tests.TC_Login_ResetPassword@19542407]" started-at="2025-01-31T08:27:40 IST" name="setUp" finished-at="2025-01-31T08:27:45 IST" duration-ms="4476" status="PASS">
          <params>
            <param index="0">
              <value>
                <![CDATA[chrome]]>
              </value>
            </param>
            <param index="1">
              <value>
                <![CDATA[prod]]>
              </value>
            </param>
            <param index="2">
              <value>
                <![CDATA[ERROR]]>
              </value>
            </param>
          </params>
          <reporter-output>
          </reporter-output>
        </test-method> <!-- setUp -->
        <test-method signature="testResetPassword()[pri:0, instance:com.orangehrm.testng.tests.TC_Login_ResetPassword@19542407]" started-at="2025-01-31T08:27:45 IST" name="testResetPassword" description="Verify the reset password functionality of OrangeHRM" finished-at="2025-01-31T08:27:48 IST" duration-ms="2684" status="PASS">
          <reporter-output>
          </reporter-output>
        </test-method> <!-- testResetPassword -->
        <test-method is-config="true" signature="tearDown()[pri:0, instance:com.orangehrm.testng.tests.TC_Login_ResetPassword@19542407]" started-at="2025-01-31T08:27:48 IST" name="tearDown" finished-at="2025-01-31T08:27:48 IST" duration-ms="80" status="PASS">
          <reporter-output>
          </reporter-output>
        </test-method> <!-- tearDown -->
      </class> <!-- com.orangehrm.testng.tests.TC_Login_ResetPassword -->
    </test> <!-- SanityTests -->
  </suite> <!-- SanityTestSuite -->
</testng-results>
