<?xml version="1.0" encoding="UTF-8"?>
<testsuite xmlns:xsi="http://www.w3.org/2001/XMLSchema-instance" xsi:noNamespaceSchemaLocation="https://maven.apache.org/surefire/maven-surefire-plugin/xsd/surefire-test-report.xsd" version="3.0.2" name="TestSuite" time="10.336" tests="6" errors="0" skipped="0" failures="0">
  <properties>
[...]
</properties>
  <testcase name="testLoginWithEmptyCredentials" classname="com.orangehrm.testng.tests.TC_Login_EmptyCredentials" time="0.218">
    <system-out><![CDATA[2025-01-31T02:57:40.640436Z main INFO Starting configuration XmlConfiguration[location=D:\GitHub_LocalRepository\SeleniumFrameworkTestng7\target\classes\log4j2.xml, lastModified=2025-01-28T18:47:35.915Z]...
2025-01-31T02:57:40.641434100Z main INFO Start watching for changes to D:\GitHub_LocalRepository\SeleniumFrameworkTestng7\target\classes\log4j2.xml every 0 seconds
2025-01-31T02:57:40.641434100Z main INFO Configuration XmlConfiguration[location=D:\GitHub_LocalRepository\SeleniumFrameworkTestng7\target\classes\log4j2.xml, lastModified=2025-01-28T18:47:35.915Z] started.
2025-01-31T02:57:40.642435300Z main INFO Stopping configuration org.apache.logging.log4j.core.config.DefaultConfiguration@5a37d3ed...
2025-01-31T02:57:40.643435900Z main INFO Configuration org.apache.logging.log4j.core.config.DefaultConfiguration@5a37d3ed stopped.
]]></system-out>
    <system-err><![CDATA[SLF4J(W): No SLF4J providers were found.
SLF4J(W): Defaulting to no-operation (NOP) logger implementation
SLF4J(W): See https://www.slf4j.org/codes.html#noProviders for further details.
Jan 31, 2025 8:27:40 AM org.openqa.selenium.remote.tracing.opentelemetry.OpenTelemetryTracer createTracer
INFO: Using OpenTelemetry for tracing
]]></system-err>
  </testcase>
  <testcase name="testLoginWithInvalidCredentials[Adm, admin123, Invalid Credentials](1)" classname="com.orangehrm.testng.tests.TC_Login_InvalidCredentials" time="0.944"/>
  <testcase name="testLoginWithInvalidCredentials[Admin, admin, Invalid Credentials](2)" classname="com.orangehrm.testng.tests.TC_Login_InvalidCredentials" time="1.758"/>
  <testcase name="testLoginWithInvalidCredentials[Adm, admin, Invalid Credentials](3)" classname="com.orangehrm.testng.tests.TC_Login_InvalidCredentials" time="1.436"/>
  <testcase name="testLoginWithValidCredentials[Admin, admin123, Valid Credentials](1)" classname="com.orangehrm.testng.tests.TC_Login_ValidCredentials" time="0.97"/>
  <testcase name="testResetPassword" classname="com.orangehrm.testng.tests.TC_Login_ResetPassword" time="1.262"/>
</testsuite>