<?xml version="1.0" encoding="UTF-8"?>
<testsuite xmlns:xsi="http://www.w3.org/2001/XMLSchema-instance" xsi:noNamespaceSchemaLocation="https://maven.apache.org/surefire/maven-surefire-plugin/xsd/surefire-test-report.xsd" version="3.0.2" name="TestSuite" time="12.962" tests="8" errors="0" skipped="2" failures="1">
  <properties>
[...]
</properties>
  <testcase name="testLoginWithEmptyCredentials" classname="com.orangehrm.testng.tests.TC_Login_EmptyCredentials" time="0.0">
    <skipped message="Username error validation expected [Require] but found [Required]"/>
    <system-out><![CDATA[2025-01-03T01:18:43.993981300Z main ERROR Delete contains an invalid element or attribute "Then"
2025-01-03T01:18:44.014983700Z main INFO Starting configuration XmlConfiguration[location=D:\WorkSpace_Selenium\orangeHRM.TestNG86\target\classes\log4j2.xml, lastModified=2024-12-19T07:09:31.477Z]...
2025-01-03T01:18:44.014983700Z main INFO Start watching for changes to D:\WorkSpace_Selenium\orangeHRM.TestNG86\target\classes\log4j2.xml every 0 seconds
2025-01-03T01:18:44.014983700Z main INFO Configuration XmlConfiguration[location=D:\WorkSpace_Selenium\orangeHRM.TestNG86\target\classes\log4j2.xml, lastModified=2024-12-19T07:09:31.477Z] started.
2025-01-03T01:18:44.016981300Z main INFO Stopping configuration org.apache.logging.log4j.core.config.DefaultConfiguration@f14a7d4...
2025-01-03T01:18:44.016981300Z main INFO Configuration org.apache.logging.log4j.core.config.DefaultConfiguration@f14a7d4 stopped.
06:48:44.024 [main] INFO  com.orangehrm.testng.reports.ExtentReportManager - Initializing ExtentReports...
06:48:44.059 [main] INFO  com.orangehrm.testng.reports.ExtentReportManager - Loaded JSON configuration: src/test/resources/extent-config.json
06:48:44.156 [main] INFO  com.orangehrm.testng.reports.ExtentReportManager - ExtentReports initialized with report path: extent-results/SparkReport
06:48:44.269 [main] INFO  com.orangehrm.testng.utils.ConfigManager - Resolved environment: dev
06:48:44.272 [main] INFO  com.orangehrm.testng.utils.PropertiesConfigurationProvider - Loaded configuration for environment: dev
06:48:44.310 [main] INFO  com.orangehrm.testng.basetest.BaseTest - Clearing Allure results at: D:\WorkSpace_Selenium\orangeHRM.TestNG86\allure-results
06:48:44.326 [main] INFO  com.orangehrm.testng.basetest.BaseTest - Allure results cleared successfully.
06:48:44.334 [main] INFO  com.orangehrm.testng.utils.LogUtil - Test Context Started: SanityTests
06:48:44.336 [main] INFO  com.orangehrm.testng.reports.AllureReportManager - Allure results directory exists at: D:\WorkSpace_Selenium\orangeHRM.TestNG86\allure-results
06:48:44.337 [main] INFO  com.orangehrm.testng.reports.AllureReportManager - Logging step: Test Context Started: SanityTests
06:48:44.337 [main] INFO  com.orangehrm.testng.utils.LogUtil - Test Context Started: SanityTests
06:48:44.338 [main] ERROR com.orangehrm.testng.reports.ExtentReportManager - Attempted to get current test but no test is set.
06:48:44.338 [main] ERROR com.orangehrm.testng.utils.LogUtil - Test object is null during context start for: SanityTests
06:48:49.527 [TestNG-test-SanityTests-4] INFO  com.orangehrm.testng.basetest.BaseTest - Navigating to Login URL: https://opensource-demo.orangehrmlive.com/web/index.php/auth/login
06:48:49.572 [TestNG-test-SanityTests-1] INFO  com.orangehrm.testng.basetest.BaseTest - Navigating to Login URL: https://opensource-demo.orangehrmlive.com/web/index.php/auth/login
06:48:49.667 [TestNG-test-SanityTests-3] INFO  com.orangehrm.testng.basetest.BaseTest - Navigating to Login URL: https://opensource-demo.orangehrmlive.com/web/index.php/auth/login
06:48:49.867 [TestNG-test-SanityTests-2] INFO  com.orangehrm.testng.basetest.BaseTest - Navigating to Login URL: https://opensource-demo.orangehrmlive.com/web/index.php/auth/login
06:48:50.099 [TestNG-test-SanityTests-4] INFO  com.orangehrm.testng.utils.LogUtil - Test Started: testResetPassword at 2025-01-03T06:48:50.099036200
06:48:50.100 [TestNG-test-SanityTests-4] INFO  com.orangehrm.testng.reports.AllureReportManager - Logging step: Test Started: testResetPassword
06:48:50.101 [TestNG-test-SanityTests-4] INFO  com.orangehrm.testng.reports.ExtentReportManager - Creating test: TC_Login_ResetPassword.testResetPassword - Verify the reset password functionality of OrangeHRM
06:48:50.108 [TestNG-test-SanityTests-4] INFO  com.orangehrm.testng.utils.LogUtil - Test Started: testResetPassword at 2025-01-03T06:48:50.108037600
06:48:50.111 [TestNG-test-SanityTests-4] INFO  com.orangehrm.testng.reports.ExtentReportManager - Added test method info: testResetPassword
06:48:50.111 [TestNG-test-SanityTests-4] INFO  com.orangehrm.testng.utils.LogUtil - Test started: TC_Login_ResetPassword.testResetPassword
06:48:50.112 [TestNG-test-SanityTests-4] INFO  com.orangehrm.testng.utils.LogUtil - Clicking on forgot password link.
06:48:50.183 [TestNG-test-SanityTests-1] INFO  com.orangehrm.testng.utils.LoginDataUtil - Loading test data from Excel file: D:\WorkSpace_Selenium\orangeHRM.TestNG86\src\test\resources\loginData.xlsx
06:48:50.221 [TestNG-test-SanityTests-3] INFO  com.orangehrm.testng.utils.LogUtil - Test Started: testLoginWithEmptyCredentials at 2025-01-03T06:48:50.220038
06:48:50.221 [TestNG-test-SanityTests-3] INFO  com.orangehrm.testng.reports.AllureReportManager - Logging step: Test Started: testLoginWithEmptyCredentials
06:48:50.222 [TestNG-test-SanityTests-3] INFO  com.orangehrm.testng.reports.ExtentReportManager - Creating test: TC_Login_EmptyCredentials.testLoginWithEmptyCredentials - Verify the login functionality of OrangeHRM with empty credentials to validate required field errors
06:48:50.223 [TestNG-test-SanityTests-3] INFO  com.orangehrm.testng.utils.LogUtil - Test Started: testLoginWithEmptyCredentials at 2025-01-03T06:48:50.223036600
06:48:50.223 [TestNG-test-SanityTests-3] INFO  com.orangehrm.testng.reports.ExtentReportManager - Added test method info: testLoginWithEmptyCredentials
06:48:50.223 [TestNG-test-SanityTests-3] INFO  com.orangehrm.testng.utils.LogUtil - Test started: TC_Login_EmptyCredentials.testLoginWithEmptyCredentials
06:48:50.224 [TestNG-test-SanityTests-3] INFO  com.orangehrm.testng.basetest.BaseTest - Parameters - Username: , Password: 
06:48:50.286 [TestNG-test-SanityTests-3] INFO  com.orangehrm.testng.utils.LogUtil - Entered username: 
06:48:50.352 [TestNG-test-SanityTests-3] INFO  com.orangehrm.testng.utils.LogUtil - Entered password: 
06:48:50.442 [TestNG-test-SanityTests-3] INFO  com.orangehrm.testng.utils.LogUtil - Clicked login button
06:48:50.484 [TestNG-test-SanityTests-2] INFO  com.orangehrm.testng.utils.LoginDataUtil - Loading test data from JSON file: D:\WorkSpace_Selenium\orangeHRM.TestNG86\src\test\resources\loginData.json
06:48:50.509 [TestNG-test-SanityTests-3] WARN  com.orangehrm.testng.utils.LogUtil - Test Skipped: testLoginWithEmptyCredentials
06:48:50.510 [TestNG-test-SanityTests-3] WARN  com.orangehrm.testng.reports.ExtentReportManager - Test skipped: testLoginWithEmptyCredentials
06:48:50.510 [TestNG-test-SanityTests-3] INFO  com.orangehrm.testng.utils.LogUtil - Test skipped: testLoginWithEmptyCredentials
06:48:50.510 [TestNG-test-SanityTests-3] WARN  com.orangehrm.testng.utils.LogUtil - Test Skipped: testLoginWithEmptyCredentials
06:48:50.510 [TestNG-test-SanityTests-3] INFO  com.orangehrm.testng.reports.AllureReportManager - Logging step: Test Skipped: testLoginWithEmptyCredentials
]]></system-out>
    <system-err><![CDATA[SLF4J(W): No SLF4J providers were found.
SLF4J(W): Defaulting to no-operation (NOP) logger implementation
SLF4J(W): See https://www.slf4j.org/codes.html#noProviders for further details.
SLF4J(W): Class path contains SLF4J bindings targeting slf4j-api versions 1.7.x or earlier.
SLF4J(W): Ignoring binding found at [jar:file:/C:/Users/satis/.m2/repository/org/apache/logging/log4j/log4j-slf4j-impl/2.24.3/log4j-slf4j-impl-2.24.3.jar!/org/slf4j/impl/StaticLoggerBinder.class]
SLF4J(W): See https://www.slf4j.org/codes.html#ignoredBindings for an explanation.
]]></system-err>
  </testcase>
  <testcase name="testLoginWithEmptyCredentials" classname="com.orangehrm.testng.tests.TC_Login_EmptyCredentials" time="0.0">
    <skipped message="Username error validation expected [Require] but found [Required]"/>
    <system-out><![CDATA[06:48:50.585 [TestNG-test-SanityTests-3] INFO  com.orangehrm.testng.utils.LogUtil - Test Started: testLoginWithEmptyCredentials at 2025-01-03T06:48:50.585038300
06:48:50.585 [TestNG-test-SanityTests-3] INFO  com.orangehrm.testng.reports.AllureReportManager - Logging step: Test Started: testLoginWithEmptyCredentials
06:48:50.586 [TestNG-test-SanityTests-3] INFO  com.orangehrm.testng.reports.ExtentReportManager - Creating test: TC_Login_EmptyCredentials.testLoginWithEmptyCredentials - Verify the login functionality of OrangeHRM with empty credentials to validate required field errors
06:48:50.587 [TestNG-test-SanityTests-3] INFO  com.orangehrm.testng.utils.LogUtil - Test Started: testLoginWithEmptyCredentials at 2025-01-03T06:48:50.586039500
06:48:50.587 [TestNG-test-SanityTests-3] INFO  com.orangehrm.testng.reports.ExtentReportManager - Added test method info: testLoginWithEmptyCredentials
06:48:50.587 [TestNG-test-SanityTests-3] INFO  com.orangehrm.testng.utils.LogUtil - Test started: TC_Login_EmptyCredentials.testLoginWithEmptyCredentials
06:48:50.588 [TestNG-test-SanityTests-3] INFO  com.orangehrm.testng.basetest.BaseTest - Parameters - Username: , Password: 
06:48:50.612 [TestNG-test-SanityTests-2] INFO  com.orangehrm.testng.utils.LogUtil - Test Started: testLoginWithInvalidCredentials at 2025-01-03T06:48:50.611037800
06:48:50.612 [TestNG-test-SanityTests-2] INFO  com.orangehrm.testng.reports.AllureReportManager - Logging step: Test Started: testLoginWithInvalidCredentials
06:48:50.612 [TestNG-test-SanityTests-2] INFO  com.orangehrm.testng.reports.ExtentReportManager - Creating test: TC_Login_InvalidCredentials.testLoginWithInvalidCredentials - Verify the login functionality of OrangeHRM with invalid credentials
06:48:50.613 [TestNG-test-SanityTests-2] INFO  com.orangehrm.testng.utils.LogUtil - Test Started: testLoginWithInvalidCredentials at 2025-01-03T06:48:50.613036900
06:48:50.614 [TestNG-test-SanityTests-2] INFO  com.orangehrm.testng.reports.ExtentReportManager - Added test method info: testLoginWithInvalidCredentials
06:48:50.614 [TestNG-test-SanityTests-2] INFO  com.orangehrm.testng.utils.LogUtil - Test started: TC_Login_InvalidCredentials.testLoginWithInvalidCredentials
06:48:50.614 [TestNG-test-SanityTests-2] INFO  com.orangehrm.testng.utils.LogUtil - Starting test: testLoginWithInvalidCredentials with username: Adm
06:48:50.615 [TestNG-test-SanityTests-2] INFO  com.orangehrm.testng.basetest.BaseTest - Parameters - Username: Adm, Password: admin123
06:48:50.615 [TestNG-test-SanityTests-2] INFO  com.orangehrm.testng.utils.LogUtil - Performing login with username: Adm and password: admin123
06:48:50.615 [TestNG-test-SanityTests-2] INFO  com.orangehrm.testng.basetest.BaseTest - Parameters - Username: Adm, Password: admin123
06:48:50.667 [TestNG-test-SanityTests-3] INFO  com.orangehrm.testng.utils.LogUtil - Entered username: 
06:48:50.700 [TestNG-test-SanityTests-2] INFO  com.orangehrm.testng.utils.LogUtil - Entered username: Adm
06:48:50.729 [TestNG-test-SanityTests-3] INFO  com.orangehrm.testng.utils.LogUtil - Entered password: 
06:48:50.748 [TestNG-test-SanityTests-1] INFO  com.orangehrm.testng.utils.LogUtil - Test Started: testLoginWithValidCredentials at 2025-01-03T06:48:50.748042
06:48:50.749 [TestNG-test-SanityTests-1] INFO  com.orangehrm.testng.reports.AllureReportManager - Logging step: Test Started: testLoginWithValidCredentials
06:48:50.749 [TestNG-test-SanityTests-1] INFO  com.orangehrm.testng.reports.ExtentReportManager - Creating test: TC_Login_ValidCredentials.testLoginWithValidCredentials - Verify the login functionality of OrangeHRM with valid credentials
06:48:50.750 [TestNG-test-SanityTests-1] INFO  com.orangehrm.testng.utils.LogUtil - Test Started: testLoginWithValidCredentials at 2025-01-03T06:48:50.750041800
06:48:50.751 [TestNG-test-SanityTests-1] INFO  com.orangehrm.testng.reports.ExtentReportManager - Added test method info: testLoginWithValidCredentials
06:48:50.751 [TestNG-test-SanityTests-1] INFO  com.orangehrm.testng.utils.LogUtil - Test started: TC_Login_ValidCredentials.testLoginWithValidCredentials
06:48:50.752 [TestNG-test-SanityTests-1] INFO  com.orangehrm.testng.utils.LogUtil - Starting test: testLoginWithValidCredentials with username: Admin
06:48:50.752 [TestNG-test-SanityTests-1] INFO  com.orangehrm.testng.basetest.BaseTest - Parameters - Username: Admin, Password: admin123
06:48:50.752 [TestNG-test-SanityTests-1] INFO  com.orangehrm.testng.utils.LogUtil - Performing login with username: Adminand password: admin123
06:48:50.753 [TestNG-test-SanityTests-1] INFO  com.orangehrm.testng.basetest.BaseTest - Parameters - Username: Admin, Password: admin123
06:48:50.779 [TestNG-test-SanityTests-2] INFO  com.orangehrm.testng.utils.LogUtil - Entered password: admin123
06:48:50.810 [TestNG-test-SanityTests-3] INFO  com.orangehrm.testng.utils.LogUtil - Clicked login button
06:48:50.818 [TestNG-test-SanityTests-1] INFO  com.orangehrm.testng.utils.LogUtil - Entered username: Admin
06:48:50.835 [TestNG-test-SanityTests-3] WARN  com.orangehrm.testng.utils.LogUtil - Test Skipped: testLoginWithEmptyCredentials
06:48:50.836 [TestNG-test-SanityTests-3] WARN  com.orangehrm.testng.reports.ExtentReportManager - Test skipped: testLoginWithEmptyCredentials
06:48:50.836 [TestNG-test-SanityTests-3] INFO  com.orangehrm.testng.utils.LogUtil - Test skipped: testLoginWithEmptyCredentials
06:48:50.836 [TestNG-test-SanityTests-3] WARN  com.orangehrm.testng.utils.LogUtil - Test Skipped: testLoginWithEmptyCredentials
06:48:50.836 [TestNG-test-SanityTests-3] INFO  com.orangehrm.testng.reports.AllureReportManager - Logging step: Test Skipped: testLoginWithEmptyCredentials
]]></system-out>
  </testcase>
  <testcase name="testLoginWithEmptyCredentials" classname="com.orangehrm.testng.tests.TC_Login_EmptyCredentials" time="0.567">
    <failure message="Username error validation expected [Require] but found [Required]" type="java.lang.AssertionError"><![CDATA[java.lang.AssertionError: Username error validation expected [Require] but found [Required]
	at org.testng.Assert.fail(Assert.java:111)
	at org.testng.Assert.failNotEquals(Assert.java:1578)
	at org.testng.Assert.assertEqualsImpl(Assert.java:150)
	at org.testng.Assert.assertEquals(Assert.java:132)
	at org.testng.Assert.assertEquals(Assert.java:656)
	at com.orangehrm.testng.tests.TC_Login_EmptyCredentials.testLoginWithEmptyCredentials(TC_Login_EmptyCredentials.java:39)
	at java.base/jdk.internal.reflect.NativeMethodAccessorImpl.invoke0(Native Method)
	at java.base/jdk.internal.reflect.NativeMethodAccessorImpl.invoke(NativeMethodAccessorImpl.java:77)
	at java.base/jdk.internal.reflect.DelegatingMethodAccessorImpl.invoke(DelegatingMethodAccessorImpl.java:43)
	at java.base/java.lang.reflect.Method.invoke(Method.java:568)
	at org.testng.internal.invokers.MethodInvocationHelper.invokeMethod(MethodInvocationHelper.java:141)
	at org.testng.internal.invokers.TestInvoker.invokeMethod(TestInvoker.java:686)
	at org.testng.internal.invokers.TestInvoker.retryFailed(TestInvoker.java:269)
	at org.testng.internal.invokers.MethodRunner.runInSequence(MethodRunner.java:76)
	at org.testng.internal.invokers.TestInvoker$MethodInvocationAgent.invoke(TestInvoker.java:992)
	at org.testng.internal.invokers.TestInvoker.invokeTestMethods(TestInvoker.java:203)
	at org.testng.internal.invokers.TestMethodWorker.invokeTestMethods(TestMethodWorker.java:154)
	at org.testng.internal.invokers.TestMethodWorker.run(TestMethodWorker.java:134)
	at java.base/java.util.concurrent.Executors$RunnableAdapter.call(Executors.java:539)
	at java.base/java.util.concurrent.FutureTask.run(FutureTask.java:264)
	at org.testng.internal.thread.graph.TestNGFutureTask.run(TestNGFutureTask.java:22)
	at java.base/java.util.concurrent.ThreadPoolExecutor.runWorker(ThreadPoolExecutor.java:1136)
	at java.base/java.util.concurrent.ThreadPoolExecutor$Worker.run(ThreadPoolExecutor.java:635)
	at java.base/java.lang.Thread.run(Thread.java:842)
]]></failure>
    <system-out><![CDATA[06:48:50.842 [TestNG-test-SanityTests-3] INFO  com.orangehrm.testng.utils.LogUtil - Test Started: testLoginWithEmptyCredentials at 2025-01-03T06:48:50.842037100
06:48:50.843 [TestNG-test-SanityTests-3] INFO  com.orangehrm.testng.reports.AllureReportManager - Logging step: Test Started: testLoginWithEmptyCredentials
06:48:50.843 [TestNG-test-SanityTests-3] INFO  com.orangehrm.testng.reports.ExtentReportManager - Creating test: TC_Login_EmptyCredentials.testLoginWithEmptyCredentials - Verify the login functionality of OrangeHRM with empty credentials to validate required field errors
06:48:50.844 [TestNG-test-SanityTests-3] INFO  com.orangehrm.testng.utils.LogUtil - Test Started: testLoginWithEmptyCredentials at 2025-01-03T06:48:50.844039800
06:48:50.844 [TestNG-test-SanityTests-3] INFO  com.orangehrm.testng.reports.ExtentReportManager - Added test method info: testLoginWithEmptyCredentials
06:48:50.845 [TestNG-test-SanityTests-3] INFO  com.orangehrm.testng.utils.LogUtil - Test started: TC_Login_EmptyCredentials.testLoginWithEmptyCredentials
06:48:50.845 [TestNG-test-SanityTests-3] INFO  com.orangehrm.testng.basetest.BaseTest - Parameters - Username: , Password: 
06:48:50.908 [TestNG-test-SanityTests-1] INFO  com.orangehrm.testng.utils.LogUtil - Entered password: admin123
06:48:50.910 [TestNG-test-SanityTests-3] INFO  com.orangehrm.testng.utils.LogUtil - Entered username: 
06:48:50.928 [TestNG-test-SanityTests-4] INFO  com.orangehrm.testng.utils.LogUtil - Clicked forgot password link
06:48:50.958 [TestNG-test-SanityTests-3] INFO  com.orangehrm.testng.utils.LogUtil - Entered password: 
06:48:51.022 [TestNG-test-SanityTests-3] INFO  com.orangehrm.testng.utils.LogUtil - Clicked login button
06:48:51.245 [TestNG-test-SanityTests-3] INFO  com.orangehrm.testng.reports.ExtentReportManager - Screenshot attached: Failure_testLoginWithEmptyCredentials_Username_error_validation_expected_Require_but_found_Required.png
06:48:51.245 [TestNG-test-SanityTests-3] ERROR com.orangehrm.testng.reports.ExtentReportManager - Test failed: testLoginWithEmptyCredentials. Duration: 203 ms. Reason: java.lang.AssertionError: Username error validation expected [Require] but found [Required]
06:48:51.246 [TestNG-test-SanityTests-3] ERROR com.orangehrm.testng.utils.LogUtil - Test failed: testLoginWithEmptyCredentials | Duration: 203 ms
06:48:51.246 [TestNG-test-SanityTests-3] ERROR com.orangehrm.testng.utils.LogUtil - Test Failed: testLoginWithEmptyCredentials Duration: 404 ms
06:48:51.406 [TestNG-test-SanityTests-3] INFO  com.orangehrm.testng.utils.ScreenshotUtil - Saving screenshot at: extent-results/screenshots/testLoginWithEmptyCredentials.png
06:48:51.410 [TestNG-test-SanityTests-3] ERROR com.orangehrm.testng.reports.AllureReportManager - Error logged at 2025-01-03 06:48:51 in step: Test Failure - testLoginWithEmptyCredentials. Message: Test failed
06:48:51.411 [TestNG-test-SanityTests-3] INFO  com.orangehrm.testng.reports.AllureReportManager - Logging step: Test Failed: testLoginWithEmptyCredentials
]]></system-out>
  </testcase>
  <testcase name="testLoginWithInvalidCredentials[Adm, admin123, Invalid Credentials](1)" classname="com.orangehrm.testng.tests.TC_Login_InvalidCredentials" time="1.682">
    <system-out><![CDATA[06:48:51.469 [TestNG-test-SanityTests-4] INFO  com.orangehrm.testng.utils.LogUtil - Entering username and clicking reset password.
06:48:51.514 [TestNG-test-SanityTests-3] INFO  com.orangehrm.testng.utils.LogUtil - Browser closed and WebDriver instance cleaned.
06:48:51.524 [TestNG-test-SanityTests-4] INFO  com.orangehrm.testng.utils.LogUtil - Entered username: Admin
06:48:51.585 [TestNG-test-SanityTests-4] INFO  com.orangehrm.testng.utils.LogUtil - Clicked login button
06:48:51.985 [TestNG-test-SanityTests-2] INFO  com.orangehrm.testng.utils.LogUtil - Clicked login button
06:48:52.526 [TestNG-test-SanityTests-2] INFO  com.orangehrm.testng.utils.LogUtil - Test Passed: testLoginWithInvalidCredentials Duration: 1683 ms
06:48:52.526 [TestNG-test-SanityTests-2] INFO  com.orangehrm.testng.reports.ExtentReportManager - Test passed: testLoginWithInvalidCredentials. Duration: 1683 ms
06:48:52.526 [TestNG-test-SanityTests-2] INFO  com.orangehrm.testng.utils.LogUtil - Test passed: testLoginWithInvalidCredentials | Duration: 1683 ms
06:48:52.526 [TestNG-test-SanityTests-2] INFO  com.orangehrm.testng.utils.LogUtil - Test Passed: testLoginWithInvalidCredentials Duration: 1684 ms
06:48:52.527 [TestNG-test-SanityTests-2] INFO  com.orangehrm.testng.reports.AllureReportManager - Logging step: Test Passed: testLoginWithInvalidCredentials
]]></system-out>
  </testcase>
  <testcase name="testLoginWithInvalidCredentials[Admin, admin, Invalid Credentials](2)" classname="com.orangehrm.testng.tests.TC_Login_InvalidCredentials" time="1.931">
    <system-out><![CDATA[06:48:53.622 [TestNG-test-SanityTests-1] INFO  com.orangehrm.testng.utils.LogUtil - Browser closed and WebDriver instance cleaned.
06:48:53.623 [TestNG-test-SanityTests-4] INFO  com.orangehrm.testng.utils.LogUtil - Browser closed and WebDriver instance cleaned.
06:48:54.451 [TestNG-test-SanityTests-2] INFO  com.orangehrm.testng.utils.LogUtil - Test Passed: testLoginWithInvalidCredentials Duration: 1920 ms
06:48:54.451 [TestNG-test-SanityTests-2] INFO  com.orangehrm.testng.reports.ExtentReportManager - Test passed: testLoginWithInvalidCredentials. Duration: 1920 ms
06:48:54.451 [TestNG-test-SanityTests-2] INFO  com.orangehrm.testng.utils.LogUtil - Test passed: testLoginWithInvalidCredentials | Duration: 1920 ms
06:48:54.452 [TestNG-test-SanityTests-2] INFO  com.orangehrm.testng.utils.LogUtil - Test Passed: testLoginWithInvalidCredentials Duration: 1922 ms
06:48:54.452 [TestNG-test-SanityTests-2] INFO  com.orangehrm.testng.reports.AllureReportManager - Logging step: Test Passed: testLoginWithInvalidCredentials
]]></system-out>
  </testcase>
  <testcase name="testLoginWithInvalidCredentials[Adm, admin, Invalid Credentials](3)" classname="com.orangehrm.testng.tests.TC_Login_InvalidCredentials" time="1.533">
    <system-out><![CDATA[06:48:54.455 [TestNG-test-SanityTests-2] INFO  com.orangehrm.testng.utils.LogUtil - Test Started: testLoginWithInvalidCredentials at 2025-01-03T06:48:54.455677400
06:48:54.456 [TestNG-test-SanityTests-2] INFO  com.orangehrm.testng.reports.AllureReportManager - Logging step: Test Started: testLoginWithInvalidCredentials
06:48:54.456 [TestNG-test-SanityTests-2] INFO  com.orangehrm.testng.reports.ExtentReportManager - Creating test: TC_Login_InvalidCredentials.testLoginWithInvalidCredentials - Verify the login functionality of OrangeHRM with invalid credentials
06:48:54.456 [TestNG-test-SanityTests-2] INFO  com.orangehrm.testng.utils.LogUtil - Test Started: testLoginWithInvalidCredentials at 2025-01-03T06:48:54.456677600
06:48:54.456 [TestNG-test-SanityTests-2] INFO  com.orangehrm.testng.reports.ExtentReportManager - Added test method info: testLoginWithInvalidCredentials
06:48:54.457 [TestNG-test-SanityTests-2] INFO  com.orangehrm.testng.utils.LogUtil - Test started: TC_Login_InvalidCredentials.testLoginWithInvalidCredentials
06:48:54.457 [TestNG-test-SanityTests-2] INFO  com.orangehrm.testng.utils.LogUtil - Starting test: testLoginWithInvalidCredentials with username: Adm
06:48:54.457 [TestNG-test-SanityTests-2] INFO  com.orangehrm.testng.basetest.BaseTest - Parameters - Username: Adm, Password: admin
06:48:54.457 [TestNG-test-SanityTests-2] INFO  com.orangehrm.testng.utils.LogUtil - Performing login with username: Adm and password: admin
06:48:54.457 [TestNG-test-SanityTests-2] INFO  com.orangehrm.testng.basetest.BaseTest - Parameters - Username: Adm, Password: admin
06:48:54.489 [TestNG-test-SanityTests-2] INFO  com.orangehrm.testng.utils.LogUtil - Entered username: Adm
06:48:54.539 [TestNG-test-SanityTests-2] INFO  com.orangehrm.testng.utils.LogUtil - Entered password: admin
06:48:55.451 [TestNG-test-SanityTests-2] INFO  com.orangehrm.testng.utils.LogUtil - Clicked login button
06:48:55.983 [TestNG-test-SanityTests-2] INFO  com.orangehrm.testng.utils.LogUtil - Test Passed: testLoginWithInvalidCredentials Duration: 1527 ms
06:48:55.983 [TestNG-test-SanityTests-2] INFO  com.orangehrm.testng.reports.ExtentReportManager - Test passed: testLoginWithInvalidCredentials. Duration: 1527 ms
06:48:55.983 [TestNG-test-SanityTests-2] INFO  com.orangehrm.testng.utils.LogUtil - Test passed: testLoginWithInvalidCredentials | Duration: 1527 ms
06:48:55.983 [TestNG-test-SanityTests-2] INFO  com.orangehrm.testng.utils.LogUtil - Test Passed: testLoginWithInvalidCredentials Duration: 1528 ms
06:48:55.984 [TestNG-test-SanityTests-2] INFO  com.orangehrm.testng.reports.AllureReportManager - Logging step: Test Passed: testLoginWithInvalidCredentials
]]></system-out>
  </testcase>
  <testcase name="testLoginWithValidCredentials[Admin, admin123, Valid Credentials](1)" classname="com.orangehrm.testng.tests.TC_Login_ValidCredentials" time="0.921">
    <system-out><![CDATA[06:48:52.530 [TestNG-test-SanityTests-2] INFO  com.orangehrm.testng.utils.LogUtil - Test Started: testLoginWithInvalidCredentials at 2025-01-03T06:48:52.530263400
06:48:52.531 [TestNG-test-SanityTests-2] INFO  com.orangehrm.testng.reports.AllureReportManager - Logging step: Test Started: testLoginWithInvalidCredentials
06:48:52.531 [TestNG-test-SanityTests-2] INFO  com.orangehrm.testng.reports.ExtentReportManager - Creating test: TC_Login_InvalidCredentials.testLoginWithInvalidCredentials - Verify the login functionality of OrangeHRM with invalid credentials
06:48:52.531 [TestNG-test-SanityTests-2] INFO  com.orangehrm.testng.utils.LogUtil - Test Started: testLoginWithInvalidCredentials at 2025-01-03T06:48:52.531262700
06:48:52.531 [TestNG-test-SanityTests-2] INFO  com.orangehrm.testng.reports.ExtentReportManager - Added test method info: testLoginWithInvalidCredentials
06:48:52.531 [TestNG-test-SanityTests-2] INFO  com.orangehrm.testng.utils.LogUtil - Test started: TC_Login_InvalidCredentials.testLoginWithInvalidCredentials
06:48:52.531 [TestNG-test-SanityTests-2] INFO  com.orangehrm.testng.utils.LogUtil - Starting test: testLoginWithInvalidCredentials with username: Admin
06:48:52.532 [TestNG-test-SanityTests-2] INFO  com.orangehrm.testng.basetest.BaseTest - Parameters - Username: Admin, Password: admin
06:48:52.532 [TestNG-test-SanityTests-2] INFO  com.orangehrm.testng.utils.LogUtil - Performing login with username: Admin and password: admin
06:48:52.532 [TestNG-test-SanityTests-2] INFO  com.orangehrm.testng.basetest.BaseTest - Parameters - Username: Admin, Password: admin
06:48:52.565 [TestNG-test-SanityTests-2] INFO  com.orangehrm.testng.utils.LogUtil - Entered username: Admin
06:48:52.607 [TestNG-test-SanityTests-2] INFO  com.orangehrm.testng.utils.LogUtil - Entered password: admin
06:48:52.660 [TestNG-test-SanityTests-2] INFO  com.orangehrm.testng.utils.LogUtil - Clicked login button
06:48:52.909 [TestNG-test-SanityTests-1] INFO  com.orangehrm.testng.utils.LogUtil - Clicked login button
06:48:53.441 [TestNG-test-SanityTests-1] INFO  com.orangehrm.testng.utils.LogUtil - Login successful with valid credentials.
06:48:53.442 [TestNG-test-SanityTests-1] INFO  com.orangehrm.testng.utils.LogUtil - Dashboard displayed successfully.
06:48:53.442 [TestNG-test-SanityTests-1] INFO  com.orangehrm.testng.utils.LogUtil - Test Passed: testLoginWithValidCredentials Duration: 911 ms
06:48:53.442 [TestNG-test-SanityTests-1] INFO  com.orangehrm.testng.reports.ExtentReportManager - Test passed: testLoginWithValidCredentials. Duration: 911 ms
06:48:53.443 [TestNG-test-SanityTests-1] INFO  com.orangehrm.testng.utils.LogUtil - Test passed: testLoginWithValidCredentials | Duration: 911 ms
06:48:53.443 [TestNG-test-SanityTests-1] INFO  com.orangehrm.testng.utils.LogUtil - Test Passed: testLoginWithValidCredentials Duration: 913 ms
06:48:53.443 [TestNG-test-SanityTests-1] INFO  com.orangehrm.testng.reports.AllureReportManager - Logging step: Test Passed: testLoginWithValidCredentials
]]></system-out>
  </testcase>
  <testcase name="testResetPassword" classname="com.orangehrm.testng.tests.TC_Login_ResetPassword" time="0.944">
    <system-out><![CDATA[06:48:53.465 [TestNG-test-SanityTests-4] INFO  com.orangehrm.testng.utils.LogUtil - Test Passed: testResetPassword Duration: 934 ms
06:48:53.465 [TestNG-test-SanityTests-4] INFO  com.orangehrm.testng.reports.ExtentReportManager - Test passed: testResetPassword. Duration: 934 ms
06:48:53.465 [TestNG-test-SanityTests-4] INFO  com.orangehrm.testng.utils.LogUtil - Test passed: testResetPassword | Duration: 934 ms
06:48:53.465 [TestNG-test-SanityTests-4] INFO  com.orangehrm.testng.utils.LogUtil - Test Passed: testResetPassword Duration: 935 ms
06:48:53.465 [TestNG-test-SanityTests-4] INFO  com.orangehrm.testng.reports.AllureReportManager - Logging step: Test Passed: testResetPassword
]]></system-out>
  </testcase>
</testsuite>