<?xml version="1.0" encoding="UTF-8"?>
<!-- Generated by org.testng.reporters.JUnitXMLReporter -->
<testsuite ignored="0" hostname="DESKTOP-TFUFUVK" failures="0" tests="5" name="ChromeTest" time="21.454" errors="0" timestamp="2024-10-22T11:38:46 IST">
  <testcase classname="com.orangehrm.testng.tests.LoginTest" name="testLoginInvalidPassword" time="1.983"/>
  <testcase classname="com.orangehrm.testng.tests.LoginTest" name="testLoginInvalidUsername" time="1.505"/>
  <testcase classname="com.orangehrm.testng.tests.LoginTest" name="testLoginInvalidUsernamePassword" time="1.616"/>
  <testcase classname="com.orangehrm.testng.tests.LoginTest" name="testLoginValidCredentials" time="4.546"/>
  <testcase classname="com.orangehrm.testng.tests.LoginTest" name="testResetPassword" time="3.262"/>
</testsuite> <!-- ChromeTest -->
