<?xml version="1.0" encoding="UTF-8"?>
<!-- Generated by org.testng.reporters.JUnitXMLReporter -->
<testsuite ignored="0" hostname="DESKTOP-TFUFUVK" failures="0" tests="5" name="EdgeTest" time="20.613" errors="0" timestamp="2024-10-22T11:38:45 IST">
  <testcase classname="com.orangehrm.testng.tests.LoginTest" name="testLoginInvalidPassword" time="1.988"/>
  <testcase classname="com.orangehrm.testng.tests.LoginTest" name="testLoginInvalidUsername" time="1.509"/>
  <testcase classname="com.orangehrm.testng.tests.LoginTest" name="testLoginInvalidUsernamePassword" time="1.521"/>
  <testcase classname="com.orangehrm.testng.tests.LoginTest" name="testLoginValidCredentials" time="4.974"/>
  <testcase classname="com.orangehrm.testng.tests.LoginTest" name="testResetPassword" time="3.601"/>
</testsuite> <!-- EdgeTest -->
