<?xml version="1.0" encoding="UTF-8"?>
<!-- Generated by org.testng.reporters.JUnitXMLReporter -->
<testsuite ignored="0" hostname="DESKTOP-TFUFUVK" failures="0" tests="5" name="FirefoxTest" time="23.871" errors="0" timestamp="2024-10-22T11:38:48 IST">
  <testcase classname="com.orangehrm.testng.tests.LoginTest" name="testLoginInvalidPassword" time="2.26"/>
  <testcase classname="com.orangehrm.testng.tests.LoginTest" name="testLoginInvalidUsername" time="1.681"/>
  <testcase classname="com.orangehrm.testng.tests.LoginTest" name="testLoginInvalidUsernamePassword" time="2.226"/>
  <testcase classname="com.orangehrm.testng.tests.LoginTest" name="testLoginValidCredentials" time="5.123"/>
  <testcase classname="com.orangehrm.testng.tests.LoginTest" name="testResetPassword" time="4.129"/>
</testsuite> <!-- FirefoxTest -->
