<?xml version="1.0" encoding="UTF-8"?>
<!-- Generated by org.testng.reporters.JUnitXMLReporter -->
<testsuite ignored="0" hostname="DESKTOP-TFUFUVK" failures="0" tests="12" name="ChromeTests" time="31.951" errors="0" timestamp="2024-12-19T20:59:27 IST">
  <testcase classname="com.orangehrm.testng.tests.LoginTest1" name="testLoginWithValidCredentials" time="5.478"/>
  <testcase classname="com.orangehrm.testng.tests.LoginTest1" name="testLoginWithInvalidCredentials" time="1.575"/>
  <testcase classname="com.orangehrm.testng.tests.LoginTest1" name="testLoginWithInvalidCredentials" time="1.616"/>
  <testcase classname="com.orangehrm.testng.tests.LoginTest1" name="testLoginWithInvalidCredentials" time="1.275"/>
  <testcase classname="com.orangehrm.testng.tests.LoginTest1" name="testLoginWithEmptyCredentials" time="0.17"/>
  <testcase classname="com.orangehrm.testng.tests.LoginTest1" name="testResetPassword" time="2.235"/>
  <testcase classname="com.orangehrm.testng.tests.LoginTest2" name="testLoginWithValidCredentials" time="3.411"/>
  <testcase classname="com.orangehrm.testng.tests.LoginTest2" name="testLoginWithInvalidCredentials" time="1.653"/>
  <testcase classname="com.orangehrm.testng.tests.LoginTest2" name="testLoginWithInvalidCredentials" time="1.641"/>
  <testcase classname="com.orangehrm.testng.tests.LoginTest2" name="testLoginWithInvalidCredentials" time="1.354"/>
  <testcase classname="com.orangehrm.testng.tests.LoginTest2" name="testLoginWithEmptyCredentials" time="0.165"/>
  <testcase classname="com.orangehrm.testng.tests.LoginTest2" name="testResetPassword" time="2.315"/>
</testsuite> <!-- ChromeTests -->
