<?xml version="1.0" encoding="UTF-8"?>
<!-- Generated by org.testng.reporters.JUnitXMLReporter -->
<testsuite ignored="0" hostname="DESKTOP-TFUFUVK" failures="0" tests="12" name="EdgeTests" time="38.964" errors="0" timestamp="2024-12-19T20:59:34 IST">
  <testcase classname="com.orangehrm.testng.tests.LoginTest1" name="testLoginWithValidCredentials" time="5.769"/>
  <testcase classname="com.orangehrm.testng.tests.LoginTest1" name="testLoginWithInvalidCredentials" time="1.688"/>
  <testcase classname="com.orangehrm.testng.tests.LoginTest1" name="testLoginWithInvalidCredentials" time="1.621"/>
  <testcase classname="com.orangehrm.testng.tests.LoginTest1" name="testLoginWithInvalidCredentials" time="1.342"/>
  <testcase classname="com.orangehrm.testng.tests.LoginTest1" name="testLoginWithEmptyCredentials" time="0.171"/>
  <testcase classname="com.orangehrm.testng.tests.LoginTest1" name="testResetPassword" time="2.198"/>
  <testcase classname="com.orangehrm.testng.tests.LoginTest2" name="testLoginWithValidCredentials" time="5.624"/>
  <testcase classname="com.orangehrm.testng.tests.LoginTest2" name="testLoginWithInvalidCredentials" time="1.666"/>
  <testcase classname="com.orangehrm.testng.tests.LoginTest2" name="testLoginWithInvalidCredentials" time="1.616"/>
  <testcase classname="com.orangehrm.testng.tests.LoginTest2" name="testLoginWithInvalidCredentials" time="1.311"/>
  <testcase classname="com.orangehrm.testng.tests.LoginTest2" name="testLoginWithEmptyCredentials" time="0.143"/>
  <testcase classname="com.orangehrm.testng.tests.LoginTest2" name="testResetPassword" time="3.4"/>
</testsuite> <!-- EdgeTests -->
