<?xml version="1.0" encoding="UTF-8"?>
<!-- Generated by org.testng.reporters.JUnitXMLReporter -->
<testsuite ignored="0" hostname="DESKTOP-TFUFUVK" failures="0" tests="12" name="FirefoxTests" time="38.619" errors="0" timestamp="2024-12-19T20:59:34 IST">
  <testcase classname="com.orangehrm.testng.tests.LoginTest1" name="testLoginWithValidCredentials" time="3.682"/>
  <testcase classname="com.orangehrm.testng.tests.LoginTest1" name="testLoginWithInvalidCredentials" time="1.728"/>
  <testcase classname="com.orangehrm.testng.tests.LoginTest1" name="testLoginWithInvalidCredentials" time="1.553"/>
  <testcase classname="com.orangehrm.testng.tests.LoginTest1" name="testLoginWithInvalidCredentials" time="1.751"/>
  <testcase classname="com.orangehrm.testng.tests.LoginTest1" name="testLoginWithEmptyCredentials" time="0.301"/>
  <testcase classname="com.orangehrm.testng.tests.LoginTest1" name="testResetPassword" time="2.658"/>
  <testcase classname="com.orangehrm.testng.tests.LoginTest2" name="testLoginWithValidCredentials" time="3.443"/>
  <testcase classname="com.orangehrm.testng.tests.LoginTest2" name="testLoginWithInvalidCredentials" time="2.147"/>
  <testcase classname="com.orangehrm.testng.tests.LoginTest2" name="testLoginWithInvalidCredentials" time="1.994"/>
  <testcase classname="com.orangehrm.testng.tests.LoginTest2" name="testLoginWithInvalidCredentials" time="1.76"/>
  <testcase classname="com.orangehrm.testng.tests.LoginTest2" name="testLoginWithEmptyCredentials" time="0.283"/>
  <testcase classname="com.orangehrm.testng.tests.LoginTest2" name="testResetPassword" time="2.966"/>
</testsuite> <!-- FirefoxTests -->
